<?xml version="1.0" encoding="UTF-8"?>
<!-- Generated by org.testng.reporters.JUnitXMLReporter -->
<testsuite ignored="0" hostname="shanks" failures="0" tests="2" name="Error Validations Test" time="8.848" errors="0" timestamp="2024-06-28T16:41:27 IST">
  <testcase classname="shanks.tests.ErrorValidationsTest" name="LoginErrorValidation" time="0.837"/>
  <testcase classname="shanks.tests.ErrorValidationsTest" name="ProductErrorValidation" time="2.012"/>
</testsuite> <!-- Error Validations Test -->
