<?xml version="1.0" encoding="UTF-8"?>
<!-- Generated by org.testng.reporters.JUnitXMLReporter -->
<testsuite ignored="0" hostname="shanks" failures="0" tests="3" name="Submit Order Test" time="20.227" errors="0" timestamp="2024-06-28T16:41:18 IST">
  <testcase classname="shanks.tests.SubmitOrderTest" name="submitOrder" time="2.853"/>
  <testcase classname="shanks.tests.SubmitOrderTest" name="submitOrder" time="2.864"/>
  <testcase classname="shanks.tests.SubmitOrderTest" name="OrderHistoryTest" time="0.597"/>
</testsuite> <!-- Submit Order Test -->
